<?xml version="1.0" encoding="UTF-8"?>
<testng-results ignored="0" total="1" passed="1" failed="0" skipped="0">
  <reporter-output>
  </reporter-output>
  <suite started-at="2025-05-25T23:29:54 IST" name="Default suite" finished-at="2025-05-25T23:40:06 IST" duration-ms="612408">
    <groups>
      <group name="cucumber">
        <method signature="AbstractTestNGCucumberTests.runScenario(io.cucumber.testng.PickleWrapper,io.cucumber.testng.FeatureWrapper)[pri:0, instance:com.booksWagon.runners.TestRunner@239a307b]" name="runScenario" class="io.cucumber.testng.AbstractTestNGCucumberTests"/>
      </group> <!-- cucumber -->
    </groups>
    <test started-at="2025-05-25T23:29:54 IST" name="Default test" finished-at="2025-05-25T23:40:06 IST" duration-ms="612408">
      <class name="com.booksWagon.runners.TestRunner">
        <test-method is-config="true" signature="setUpClass()[pri:0, instance:com.booksWagon.runners.TestRunner@239a307b]" started-at="2025-05-25T23:29:54 IST" name="setUpClass" finished-at="2025-05-25T23:29:55 IST" duration-ms="472" status="PASS">
          <reporter-output>
          </reporter-output>
        </test-method> <!-- setUpClass -->
        <test-method signature="runScenario(io.cucumber.testng.PickleWrapper,io.cucumber.testng.FeatureWrapper)[pri:0, instance:com.booksWagon.runners.TestRunner@239a307b]" started-at="2025-05-25T23:29:55 IST" name="runScenario" description="Runs Cucumber Scenarios" data-provider="scenarios" finished-at="2025-05-25T23:40:06 IST" duration-ms="611796" status="PASS">
          <params>
            <param index="0">
              <value>
                <![CDATA["Validate signup with data from Excel"]]>
              </value>
            </param>
            <param index="1">
              <value>
                <![CDATA["Optional[User Signup Functionality]"]]>
              </value>
            </param>
          </params>
          <reporter-output>
          </reporter-output>
        </test-method> <!-- runScenario -->
        <test-method is-config="true" signature="tearDownClass()[pri:0, instance:com.booksWagon.runners.TestRunner@239a307b]" started-at="2025-05-25T23:40:06 IST" name="tearDownClass" finished-at="2025-05-25T23:40:06 IST" duration-ms="86" status="PASS">
          <reporter-output>
          </reporter-output>
        </test-method> <!-- tearDownClass -->
      </class> <!-- com.booksWagon.runners.TestRunner -->
    </test> <!-- Default test -->
  </suite> <!-- Default suite -->
</testng-results>
